<?xml version="1.0" encoding="UTF-8"?>
<testsuite xmlns:xsi="http://www.w3.org/2001/XMLSchema-instance" xsi:noNamespaceSchemaLocation="https://maven.apache.org/surefire/maven-surefire-plugin/xsd/surefire-test-report-3.0.xsd" version="3.0" name="com.example.pekko.FxRateKafkaProducerTest" time="1.004" tests="5" errors="0" skipped="0" failures="0">
  <properties>
    <property name="java.specification.version" value="24"/>
    <property name="sun.jnu.encoding" value="UTF-8"/>
    <property name="java.class.path" value="/Users/fil/pekko/pekko-app/target/test-classes:/Users/fil/pekko/pekko-app/target/classes:/Users/fil/.m2/repository/org/apache/pekko/pekko-actor-typed_2.13/1.1.4/pekko-actor-typed_2.13-1.1.4.jar:/Users/fil/.m2/repository/org/scala-lang/scala-library/2.13.15/scala-library-2.13.15.jar:/Users/fil/.m2/repository/org/apache/pekko/pekko-actor_2.13/1.1.4/pekko-actor_2.13-1.1.4.jar:/Users/fil/.m2/repository/com/typesafe/config/1.4.3/config-1.4.3.jar:/Users/fil/.m2/repository/org/apache/pekko/pekko-slf4j_2.13/1.1.4/pekko-slf4j_2.13-1.1.4.jar:/Users/fil/.m2/repository/org/slf4j/slf4j-api/2.0.16/slf4j-api-2.0.16.jar:/Users/fil/.m2/repository/org/apache/pekko/pekko-stream_2.13/1.1.4/pekko-stream_2.13-1.1.4.jar:/Users/fil/.m2/repository/org/apache/pekko/pekko-protobuf-v3_2.13/1.1.4/pekko-protobuf-v3_2.13-1.1.4.jar:/Users/fil/.m2/repository/org/reactivestreams/reactive-streams/1.0.4/reactive-streams-1.0.4.jar:/Users/fil/.m2/repository/com/typesafe/ssl-config-core_2.13/0.6.1/ssl-config-core_2.13-0.6.1.jar:/Users/fil/.m2/repository/org/apache/pekko/pekko-http_2.13/1.1.0/pekko-http_2.13-1.1.0.jar:/Users/fil/.m2/repository/org/apache/pekko/pekko-http-core_2.13/1.1.0/pekko-http-core_2.13-1.1.0.jar:/Users/fil/.m2/repository/org/apache/pekko/pekko-parsing_2.13/1.1.0/pekko-parsing_2.13-1.1.0.jar:/Users/fil/.m2/repository/org/parboiled/parboiled_2.13/2.5.1/parboiled_2.13-2.5.1.jar:/Users/fil/.m2/repository/org/apache/pekko/pekko-cluster-typed_2.13/1.1.4/pekko-cluster-typed_2.13-1.1.4.jar:/Users/fil/.m2/repository/org/apache/pekko/pekko-cluster_2.13/1.1.4/pekko-cluster_2.13-1.1.4.jar:/Users/fil/.m2/repository/org/apache/pekko/pekko-remote_2.13/1.1.4/pekko-remote_2.13-1.1.4.jar:/Users/fil/.m2/repository/org/apache/pekko/pekko-pki_2.13/1.1.4/pekko-pki_2.13-1.1.4.jar:/Users/fil/.m2/repository/com/hierynomus/asn-one/0.6.0/asn-one-0.6.0.jar:/Users/fil/.m2/repository/org/agrona/agrona/1.22.0/agrona-1.22.0.jar:/Users/fil/.m2/repository/org/apache/pekko/pekko-coordination_2.13/1.1.4/pekko-coordination_2.13-1.1.4.jar:/Users/fil/.m2/repository/org/apache/pekko/pekko-cluster-tools_2.13/1.1.4/pekko-cluster-tools_2.13-1.1.4.jar:/Users/fil/.m2/repository/org/apache/pekko/pekko-distributed-data_2.13/1.1.4/pekko-distributed-data_2.13-1.1.4.jar:/Users/fil/.m2/repository/org/lmdbjava/lmdbjava/0.9.0/lmdbjava-0.9.0.jar:/Users/fil/.m2/repository/com/github/jnr/jnr-constants/0.10.4/jnr-constants-0.10.4.jar:/Users/fil/.m2/repository/com/github/jnr/jnr-ffi/2.2.15/jnr-ffi-2.2.15.jar:/Users/fil/.m2/repository/com/github/jnr/jffi/1.3.12/jffi-1.3.12.jar:/Users/fil/.m2/repository/com/github/jnr/jffi/1.3.12/jffi-1.3.12-native.jar:/Users/fil/.m2/repository/org/ow2/asm/asm/9.2/asm-9.2.jar:/Users/fil/.m2/repository/org/ow2/asm/asm-commons/9.2/asm-commons-9.2.jar:/Users/fil/.m2/repository/org/ow2/asm/asm-analysis/9.2/asm-analysis-9.2.jar:/Users/fil/.m2/repository/org/ow2/asm/asm-tree/9.2/asm-tree-9.2.jar:/Users/fil/.m2/repository/org/ow2/asm/asm-util/9.2/asm-util-9.2.jar:/Users/fil/.m2/repository/com/github/jnr/jnr-a64asm/1.0.0/jnr-a64asm-1.0.0.jar:/Users/fil/.m2/repository/com/github/jnr/jnr-x86asm/1.0.2/jnr-x86asm-1.0.2.jar:/Users/fil/.m2/repository/org/apache/pekko/pekko-serialization-jackson_2.13/1.1.4/pekko-serialization-jackson_2.13-1.1.4.jar:/Users/fil/.m2/repository/com/fasterxml/jackson/core/jackson-core/2.17.3/jackson-core-2.17.3.jar:/Users/fil/.m2/repository/com/fasterxml/jackson/core/jackson-annotations/2.17.3/jackson-annotations-2.17.3.jar:/Users/fil/.m2/repository/com/fasterxml/jackson/datatype/jackson-datatype-jdk8/2.17.3/jackson-datatype-jdk8-2.17.3.jar:/Users/fil/.m2/repository/com/fasterxml/jackson/datatype/jackson-datatype-jsr310/2.17.3/jackson-datatype-jsr310-2.17.3.jar:/Users/fil/.m2/repository/com/fasterxml/jackson/module/jackson-module-parameter-names/2.17.3/jackson-module-parameter-names-2.17.3.jar:/Users/fil/.m2/repository/com/fasterxml/jackson/dataformat/jackson-dataformat-cbor/2.17.3/jackson-dataformat-cbor-2.17.3.jar:/Users/fil/.m2/repository/com/fasterxml/jackson/module/jackson-module-scala_2.13/2.17.3/jackson-module-scala_2.13-2.17.3.jar:/Users/fil/.m2/repository/com/thoughtworks/paranamer/paranamer/2.8/paranamer-2.8.jar:/Users/fil/.m2/repository/org/lz4/lz4-java/1.8.0/lz4-java-1.8.0.jar:/Users/fil/.m2/repository/org/apache/pekko/pekko-connectors-kafka_2.13/1.1.0/pekko-connectors-kafka_2.13-1.1.0.jar:/Users/fil/.m2/repository/org/apache/kafka/kafka-clients/3.8.0/kafka-clients-3.8.0.jar:/Users/fil/.m2/repository/com/github/luben/zstd-jni/1.5.6-3/zstd-jni-1.5.6-3.jar:/Users/fil/.m2/repository/org/xerial/snappy/snappy-java/1.1.10.5/snappy-java-1.1.10.5.jar:/Users/fil/.m2/repository/io/confluent/kafka-avro-serializer/7.7.1/kafka-avro-serializer-7.7.1.jar:/Users/fil/.m2/repository/org/apache/commons/commons-compress/1.26.1/commons-compress-1.26.1.jar:/Users/fil/.m2/repository/commons-codec/commons-codec/1.16.1/commons-codec-1.16.1.jar:/Users/fil/.m2/repository/commons-io/commons-io/2.15.1/commons-io-2.15.1.jar:/Users/fil/.m2/repository/org/apache/commons/commons-lang3/3.14.0/commons-lang3-3.14.0.jar:/Users/fil/.m2/repository/io/confluent/kafka-schema-serializer/7.7.1/kafka-schema-serializer-7.7.1.jar:/Users/fil/.m2/repository/io/confluent/kafka-schema-registry-client/7.7.1/kafka-schema-registry-client-7.7.1.jar:/Users/fil/.m2/repository/org/yaml/snakeyaml/2.0/snakeyaml-2.0.jar:/Users/fil/.m2/repository/com/google/guava/guava/32.0.1-jre/guava-32.0.1-jre.jar:/Users/fil/.m2/repository/com/google/guava/failureaccess/1.0.1/failureaccess-1.0.1.jar:/Users/fil/.m2/repository/com/google/guava/listenablefuture/9999.0-empty-to-avoid-conflict-with-guava/listenablefuture-9999.0-empty-to-avoid-conflict-with-guava.jar:/Users/fil/.m2/repository/com/google/code/findbugs/jsr305/3.0.2/jsr305-3.0.2.jar:/Users/fil/.m2/repository/org/checkerframework/checker-qual/3.33.0/checker-qual-3.33.0.jar:/Users/fil/.m2/repository/com/google/errorprone/error_prone_annotations/2.18.0/error_prone_annotations-2.18.0.jar:/Users/fil/.m2/repository/com/google/j2objc/j2objc-annotations/2.8/j2objc-annotations-2.8.jar:/Users/fil/.m2/repository/io/confluent/logredactor/1.0.12/logredactor-1.0.12.jar:/Users/fil/.m2/repository/com/google/re2j/re2j/1.6/re2j-1.6.jar:/Users/fil/.m2/repository/io/confluent/logredactor-metrics/1.0.12/logredactor-metrics-1.0.12.jar:/Users/fil/.m2/repository/com/eclipsesource/minimal-json/minimal-json/0.9.5/minimal-json-0.9.5.jar:/Users/fil/.m2/repository/io/confluent/common-utils/7.7.1/common-utils-7.7.1.jar:/Users/fil/.m2/repository/org/apache/avro/avro/1.12.0/avro-1.12.0.jar:/Users/fil/.m2/repository/io/lettuce/lettuce-core/6.3.2.RELEASE/lettuce-core-6.3.2.RELEASE.jar:/Users/fil/.m2/repository/io/netty/netty-common/4.1.107.Final/netty-common-4.1.107.Final.jar:/Users/fil/.m2/repository/io/netty/netty-handler/4.1.107.Final/netty-handler-4.1.107.Final.jar:/Users/fil/.m2/repository/io/netty/netty-resolver/4.1.107.Final/netty-resolver-4.1.107.Final.jar:/Users/fil/.m2/repository/io/netty/netty-buffer/4.1.107.Final/netty-buffer-4.1.107.Final.jar:/Users/fil/.m2/repository/io/netty/netty-transport-native-unix-common/4.1.107.Final/netty-transport-native-unix-common-4.1.107.Final.jar:/Users/fil/.m2/repository/io/netty/netty-transport/4.1.107.Final/netty-transport-4.1.107.Final.jar:/Users/fil/.m2/repository/io/projectreactor/reactor-core/3.6.4/reactor-core-3.6.4.jar:/Users/fil/.m2/repository/org/apache/commons/commons-pool2/2.12.0/commons-pool2-2.12.0.jar:/Users/fil/.m2/repository/com/fasterxml/jackson/core/jackson-databind/2.17.2/jackson-databind-2.17.2.jar:/Users/fil/.m2/repository/ch/qos/logback/logback-classic/1.4.14/logback-classic-1.4.14.jar:/Users/fil/.m2/repository/ch/qos/logback/logback-core/1.4.14/logback-core-1.4.14.jar:/Users/fil/.m2/repository/org/junit/jupiter/junit-jupiter/5.10.1/junit-jupiter-5.10.1.jar:/Users/fil/.m2/repository/org/junit/jupiter/junit-jupiter-api/5.10.1/junit-jupiter-api-5.10.1.jar:/Users/fil/.m2/repository/org/opentest4j/opentest4j/1.3.0/opentest4j-1.3.0.jar:/Users/fil/.m2/repository/org/junit/platform/junit-platform-commons/1.10.1/junit-platform-commons-1.10.1.jar:/Users/fil/.m2/repository/org/apiguardian/apiguardian-api/1.1.2/apiguardian-api-1.1.2.jar:/Users/fil/.m2/repository/org/junit/jupiter/junit-jupiter-params/5.10.1/junit-jupiter-params-5.10.1.jar:/Users/fil/.m2/repository/org/junit/jupiter/junit-jupiter-engine/5.10.1/junit-jupiter-engine-5.10.1.jar:/Users/fil/.m2/repository/org/junit/platform/junit-platform-engine/1.10.1/junit-platform-engine-1.10.1.jar:/Users/fil/.m2/repository/org/apache/pekko/pekko-actor-testkit-typed_2.13/1.1.4/pekko-actor-testkit-typed_2.13-1.1.4.jar:/Users/fil/.m2/repository/org/apache/pekko/pekko-testkit_2.13/1.1.4/pekko-testkit_2.13-1.1.4.jar:/Users/fil/.m2/repository/org/apache/pekko/pekko-http-testkit_2.13/1.1.0/pekko-http-testkit_2.13-1.1.0.jar:/Users/fil/.m2/repository/org/apache/pekko/pekko-stream-testkit_2.13/1.1.4/pekko-stream-testkit_2.13-1.1.4.jar:/Users/fil/.m2/repository/org/asynchttpclient/async-http-client/2.12.3/async-http-client-2.12.3.jar:/Users/fil/.m2/repository/org/asynchttpclient/async-http-client-netty-utils/2.12.3/async-http-client-netty-utils-2.12.3.jar:/Users/fil/.m2/repository/io/netty/netty-codec-http/4.1.60.Final/netty-codec-http-4.1.60.Final.jar:/Users/fil/.m2/repository/io/netty/netty-codec-socks/4.1.60.Final/netty-codec-socks-4.1.60.Final.jar:/Users/fil/.m2/repository/io/netty/netty-handler-proxy/4.1.60.Final/netty-handler-proxy-4.1.60.Final.jar:/Users/fil/.m2/repository/io/netty/netty-transport-native-epoll/4.1.60.Final/netty-transport-native-epoll-4.1.60.Final-linux-x86_64.jar:/Users/fil/.m2/repository/io/netty/netty-transport-native-kqueue/4.1.60.Final/netty-transport-native-kqueue-4.1.60.Final-osx-x86_64.jar:/Users/fil/.m2/repository/com/typesafe/netty/netty-reactive-streams/2.0.4/netty-reactive-streams-2.0.4.jar:/Users/fil/.m2/repository/com/sun/activation/jakarta.activation/1.2.2/jakarta.activation-1.2.2.jar:/Users/fil/.m2/repository/org/java-websocket/Java-WebSocket/1.5.6/Java-WebSocket-1.5.6.jar:/Users/fil/.m2/repository/org/apache/kafka/kafka_2.13/3.8.0/kafka_2.13-3.8.0.jar:/Users/fil/.m2/repository/org/apache/kafka/kafka-server-common/3.8.0/kafka-server-common-3.8.0.jar:/Users/fil/.m2/repository/org/pcollections/pcollections/4.0.1/pcollections-4.0.1.jar:/Users/fil/.m2/repository/org/apache/kafka/kafka-group-coordinator-api/3.8.0/kafka-group-coordinator-api-3.8.0.jar:/Users/fil/.m2/repository/org/apache/kafka/kafka-group-coordinator/3.8.0/kafka-group-coordinator-3.8.0.jar:/Users/fil/.m2/repository/org/apache/kafka/kafka-transaction-coordinator/3.8.0/kafka-transaction-coordinator-3.8.0.jar:/Users/fil/.m2/repository/org/apache/kafka/kafka-metadata/3.8.0/kafka-metadata-3.8.0.jar:/Users/fil/.m2/repository/org/apache/kafka/kafka-storage-api/3.8.0/kafka-storage-api-3.8.0.jar:/Users/fil/.m2/repository/org/apache/kafka/kafka-tools-api/3.8.0/kafka-tools-api-3.8.0.jar:/Users/fil/.m2/repository/org/apache/kafka/kafka-raft/3.8.0/kafka-raft-3.8.0.jar:/Users/fil/.m2/repository/org/apache/kafka/kafka-storage/3.8.0/kafka-storage-3.8.0.jar:/Users/fil/.m2/repository/org/apache/kafka/kafka-server/3.8.0/kafka-server-3.8.0.jar:/Users/fil/.m2/repository/net/sourceforge/argparse4j/argparse4j/0.7.0/argparse4j-0.7.0.jar:/Users/fil/.m2/repository/commons-validator/commons-validator/1.7/commons-validator-1.7.jar:/Users/fil/.m2/repository/commons-beanutils/commons-beanutils/1.9.4/commons-beanutils-1.9.4.jar:/Users/fil/.m2/repository/commons-digester/commons-digester/2.1/commons-digester-2.1.jar:/Users/fil/.m2/repository/commons-logging/commons-logging/1.2/commons-logging-1.2.jar:/Users/fil/.m2/repository/commons-collections/commons-collections/3.2.2/commons-collections-3.2.2.jar:/Users/fil/.m2/repository/com/fasterxml/jackson/dataformat/jackson-dataformat-csv/2.16.2/jackson-dataformat-csv-2.16.2.jar:/Users/fil/.m2/repository/net/sf/jopt-simple/jopt-simple/5.0.4/jopt-simple-5.0.4.jar:/Users/fil/.m2/repository/org/bitbucket/b_c/jose4j/0.9.4/jose4j-0.9.4.jar:/Users/fil/.m2/repository/com/yammer/metrics/metrics-core/2.2.0/metrics-core-2.2.0.jar:/Users/fil/.m2/repository/org/scala-lang/modules/scala-collection-compat_2.13/2.10.0/scala-collection-compat_2.13-2.10.0.jar:/Users/fil/.m2/repository/org/scala-lang/modules/scala-java8-compat_2.13/1.0.2/scala-java8-compat_2.13-1.0.2.jar:/Users/fil/.m2/repository/org/scala-lang/scala-reflect/2.13.14/scala-reflect-2.13.14.jar:/Users/fil/.m2/repository/com/typesafe/scala-logging/scala-logging_2.13/3.9.4/scala-logging_2.13-3.9.4.jar:/Users/fil/.m2/repository/io/dropwizard/metrics/metrics-core/4.1.12.1/metrics-core-4.1.12.1.jar:/Users/fil/.m2/repository/org/apache/zookeeper/zookeeper/3.8.4/zookeeper-3.8.4.jar:/Users/fil/.m2/repository/org/apache/zookeeper/zookeeper-jute/3.8.4/zookeeper-jute-3.8.4.jar:/Users/fil/.m2/repository/org/apache/yetus/audience-annotations/0.12.0/audience-annotations-0.12.0.jar:/Users/fil/.m2/repository/io/netty/netty-transport-native-epoll/4.1.105.Final/netty-transport-native-epoll-4.1.105.Final.jar:/Users/fil/.m2/repository/io/netty/netty-transport-classes-epoll/4.1.105.Final/netty-transport-classes-epoll-4.1.105.Final.jar:/Users/fil/.m2/repository/commons-cli/commons-cli/1.4/commons-cli-1.4.jar:/Users/fil/.m2/repository/io/confluent/kafka-schema-registry/7.7.1/kafka-schema-registry-7.7.1.jar:/Users/fil/.m2/repository/io/confluent/kafka-json-schema-provider/7.7.1/kafka-json-schema-provider-7.7.1.jar:/Users/fil/.m2/repository/com/github/erosb/everit-json-schema/1.14.3/everit-json-schema-1.14.3.jar:/Users/fil/.m2/repository/org/json/json/20231013/json-20231013.jar:/Users/fil/.m2/repository/com/damnhandy/handy-uri-templates/2.1.8/handy-uri-templates-2.1.8.jar:/Users/fil/.m2/repository/com/github/erosb/json-sKema/0.15.0/json-sKema-0.15.0.jar:/Users/fil/.m2/repository/com/fasterxml/jackson/datatype/jackson-datatype-guava/2.16.0/jackson-datatype-guava-2.16.0.jar:/Users/fil/.m2/repository/com/fasterxml/jackson/datatype/jackson-datatype-joda/2.16.0/jackson-datatype-joda-2.16.0.jar:/Users/fil/.m2/repository/joda-time/joda-time/2.10.14/joda-time-2.10.14.jar:/Users/fil/.m2/repository/com/kjetland/mbknor-jackson-jsonschema_2.13/1.0.39/mbknor-jackson-jsonschema_2.13-1.0.39.jar:/Users/fil/.m2/repository/javax/validation/validation-api/2.0.1.Final/validation-api-2.0.1.Final.jar:/Users/fil/.m2/repository/io/github/classgraph/classgraph/4.8.21/classgraph-4.8.21.jar:/Users/fil/.m2/repository/org/jetbrains/kotlin/kotlin-stdlib/1.9.10/kotlin-stdlib-1.9.10.jar:/Users/fil/.m2/repository/org/jetbrains/kotlin/kotlin-stdlib-common/1.9.10/kotlin-stdlib-common-1.9.10.jar:/Users/fil/.m2/repository/org/jetbrains/annotations/13.0/annotations-13.0.jar:/Users/fil/.m2/repository/org/jetbrains/kotlin/kotlin-scripting-jvm/1.9.10/kotlin-scripting-jvm-1.9.10.jar:/Users/fil/.m2/repository/org/jetbrains/kotlin/kotlin-script-runtime/1.9.10/kotlin-script-runtime-1.9.10.jar:/Users/fil/.m2/repository/org/jetbrains/kotlin/kotlin-scripting-common/1.9.10/kotlin-scripting-common-1.9.10.jar:/Users/fil/.m2/repository/org/jetbrains/kotlin/kotlin-scripting-compiler-embeddable/1.9.10/kotlin-scripting-compiler-embeddable-1.9.10.jar:/Users/fil/.m2/repository/org/jetbrains/kotlin/kotlin-scripting-compiler-impl-embeddable/1.9.10/kotlin-scripting-compiler-impl-embeddable-1.9.10.jar:/Users/fil/.m2/repository/io/confluent/kafka-protobuf-provider/7.7.1/kafka-protobuf-provider-7.7.1.jar:/Users/fil/.m2/repository/com/squareup/wire/wire-schema-jvm/4.9.7/wire-schema-jvm-4.9.7.jar:/Users/fil/.m2/repository/com/squareup/javapoet/1.13.0/javapoet-1.13.0.jar:/Users/fil/.m2/repository/com/squareup/kotlinpoet-jvm/1.16.0/kotlinpoet-jvm-1.16.0.jar:/Users/fil/.m2/repository/org/jetbrains/kotlin/kotlin-reflect/1.9.22/kotlin-reflect-1.9.22.jar:/Users/fil/.m2/repository/org/jetbrains/kotlin/kotlin-stdlib-jdk8/1.9.10/kotlin-stdlib-jdk8-1.9.10.jar:/Users/fil/.m2/repository/org/jetbrains/kotlin/kotlin-stdlib-jdk7/1.9.10/kotlin-stdlib-jdk7-1.9.10.jar:/Users/fil/.m2/repository/com/squareup/wire/wire-runtime-jvm/4.9.7/wire-runtime-jvm-4.9.7.jar:/Users/fil/.m2/repository/com/squareup/okio/okio-jvm/3.4.0/okio-jvm-3.4.0.jar:/Users/fil/.m2/repository/com/google/protobuf/protobuf-java/3.25.4/protobuf-java-3.25.4.jar:/Users/fil/.m2/repository/com/google/protobuf/protobuf-java-util/3.25.4/protobuf-java-util-3.25.4.jar:/Users/fil/.m2/repository/com/google/api/grpc/proto-google-common-protos/2.22.1/proto-google-common-protos-2.22.1.jar:/Users/fil/.m2/repository/io/confluent/kafka-protobuf-types/7.7.1/kafka-protobuf-types-7.7.1.jar:/Users/fil/.m2/repository/org/glassfish/jersey/ext/jersey-bean-validation/2.36/jersey-bean-validation-2.36.jar:/Users/fil/.m2/repository/org/glassfish/hk2/external/jakarta.inject/2.6.1/jakarta.inject-2.6.1.jar:/Users/fil/.m2/repository/org/glassfish/jersey/core/jersey-common/2.36/jersey-common-2.36.jar:/Users/fil/.m2/repository/jakarta/annotation/jakarta.annotation-api/1.3.5/jakarta.annotation-api-1.3.5.jar:/Users/fil/.m2/repository/org/glassfish/hk2/osgi-resource-locator/1.0.3/osgi-resource-locator-1.0.3.jar:/Users/fil/.m2/repository/org/glassfish/jersey/core/jersey-server/2.36/jersey-server-2.36.jar:/Users/fil/.m2/repository/org/glassfish/jersey/core/jersey-client/2.36/jersey-client-2.36.jar:/Users/fil/.m2/repository/jakarta/validation/jakarta.validation-api/2.0.2/jakarta.validation-api-2.0.2.jar:/Users/fil/.m2/repository/jakarta/el/jakarta.el-api/3.0.3/jakarta.el-api-3.0.3.jar:/Users/fil/.m2/repository/org/glassfish/jakarta.el/3.0.4/jakarta.el-3.0.4.jar:/Users/fil/.m2/repository/jakarta/ws/rs/jakarta.ws.rs-api/2.1.6/jakarta.ws.rs-api-2.1.6.jar:/Users/fil/.m2/repository/org/hibernate/validator/hibernate-validator/6.1.7.Final/hibernate-validator-6.1.7.Final.jar:/Users/fil/.m2/repository/org/jboss/logging/jboss-logging/3.3.2.Final/jboss-logging-3.3.2.Final.jar:/Users/fil/.m2/repository/com/fasterxml/classmate/1.3.4/classmate-1.3.4.jar:/Users/fil/.m2/repository/io/confluent/rest-utils/7.7.1/rest-utils-7.7.1.jar:/Users/fil/.m2/repository/org/eclipse/jetty/websocket/javax-websocket-server-impl/9.4.54.v20240208/javax-websocket-server-impl-9.4.54.v20240208.jar:/Users/fil/.m2/repository/org/eclipse/jetty/jetty-annotations/9.4.54.v20240208/jetty-annotations-9.4.54.v20240208.jar:/Users/fil/.m2/repository/org/eclipse/jetty/jetty-plus/9.4.54.v20240208/jetty-plus-9.4.54.v20240208.jar:/Users/fil/.m2/repository/org/eclipse/jetty/jetty-jndi/9.4.54.v20240208/jetty-jndi-9.4.54.v20240208.jar:/Users/fil/.m2/repository/org/eclipse/jetty/jetty-webapp/9.4.54.v20240208/jetty-webapp-9.4.54.v20240208.jar:/Users/fil/.m2/repository/org/eclipse/jetty/jetty-xml/9.4.54.v20240208/jetty-xml-9.4.54.v20240208.jar:/Users/fil/.m2/repository/javax/annotation/javax.annotation-api/1.3.2/javax.annotation-api-1.3.2.jar:/Users/fil/.m2/repository/org/eclipse/jetty/websocket/javax-websocket-client-impl/9.4.54.v20240208/javax-websocket-client-impl-9.4.54.v20240208.jar:/Users/fil/.m2/repository/org/eclipse/jetty/websocket/websocket-client/9.4.54.v20240208/websocket-client-9.4.54.v20240208.jar:/Users/fil/.m2/repository/org/eclipse/jetty/jetty-client/9.4.54.v20240208/jetty-client-9.4.54.v20240208.jar:/Users/fil/.m2/repository/javax/websocket/javax.websocket-client-api/1.0/javax.websocket-client-api-1.0.jar:/Users/fil/.m2/repository/org/eclipse/jetty/websocket/websocket-server/9.4.54.v20240208/websocket-server-9.4.54.v20240208.jar:/Users/fil/.m2/repository/org/eclipse/jetty/websocket/websocket-common/9.4.54.v20240208/websocket-common-9.4.54.v20240208.jar:/Users/fil/.m2/repository/org/eclipse/jetty/websocket/websocket-api/9.4.54.v20240208/websocket-api-9.4.54.v20240208.jar:/Users/fil/.m2/repository/org/eclipse/jetty/websocket/websocket-servlet/9.4.54.v20240208/websocket-servlet-9.4.54.v20240208.jar:/Users/fil/.m2/repository/javax/websocket/javax.websocket-api/1.0/javax.websocket-api-1.0.jar:/Users/fil/.m2/repository/org/glassfish/jersey/containers/jersey-container-servlet/2.36/jersey-container-servlet-2.36.jar:/Users/fil/.m2/repository/org/glassfish/jersey/containers/jersey-container-servlet-core/2.36/jersey-container-servlet-core-2.36.jar:/Users/fil/.m2/repository/org/glassfish/jersey/inject/jersey-hk2/2.36/jersey-hk2-2.36.jar:/Users/fil/.m2/repository/org/glassfish/hk2/hk2-locator/2.6.1/hk2-locator-2.6.1.jar:/Users/fil/.m2/repository/org/glassfish/hk2/external/aopalliance-repackaged/2.6.1/aopalliance-repackaged-2.6.1.jar:/Users/fil/.m2/repository/org/glassfish/hk2/hk2-api/2.6.1/hk2-api-2.6.1.jar:/Users/fil/.m2/repository/org/glassfish/hk2/hk2-utils/2.6.1/hk2-utils-2.6.1.jar:/Users/fil/.m2/repository/org/javassist/javassist/3.25.0-GA/javassist-3.25.0-GA.jar:/Users/fil/.m2/repository/jakarta/xml/bind/jakarta.xml.bind-api/2.3.3/jakarta.xml.bind-api-2.3.3.jar:/Users/fil/.m2/repository/jakarta/activation/jakarta.activation-api/1.2.2/jakarta.activation-api-1.2.2.jar:/Users/fil/.m2/repository/javax/activation/activation/1.1.1/activation-1.1.1.jar:/Users/fil/.m2/repository/org/eclipse/jetty/jetty-jmx/9.4.54.v20240208/jetty-jmx-9.4.54.v20240208.jar:/Users/fil/.m2/repository/org/eclipse/jetty/jetty-util/9.4.54.v20240208/jetty-util-9.4.54.v20240208.jar:/Users/fil/.m2/repository/org/eclipse/jetty/jetty-server/9.4.54.v20240208/jetty-server-9.4.54.v20240208.jar:/Users/fil/.m2/repository/javax/servlet/javax.servlet-api/3.1.0/javax.servlet-api-3.1.0.jar:/Users/fil/.m2/repository/org/eclipse/jetty/jetty-http/9.4.54.v20240208/jetty-http-9.4.54.v20240208.jar:/Users/fil/.m2/repository/org/eclipse/jetty/http2/http2-server/9.4.54.v20240208/http2-server-9.4.54.v20240208.jar:/Users/fil/.m2/repository/org/eclipse/jetty/http2/http2-common/9.4.54.v20240208/http2-common-9.4.54.v20240208.jar:/Users/fil/.m2/repository/org/eclipse/jetty/http2/http2-hpack/9.4.54.v20240208/http2-hpack-9.4.54.v20240208.jar:/Users/fil/.m2/repository/org/eclipse/jetty/jetty-alpn-server/9.4.54.v20240208/jetty-alpn-server-9.4.54.v20240208.jar:/Users/fil/.m2/repository/org/eclipse/jetty/jetty-alpn-conscrypt-server/9.4.54.v20240208/jetty-alpn-conscrypt-server-9.4.54.v20240208.jar:/Users/fil/.m2/repository/org/conscrypt/conscrypt-openjdk-uber/2.5.2/conscrypt-openjdk-uber-2.5.2.jar:/Users/fil/.m2/repository/org/eclipse/jetty/jetty-servlet/9.4.54.v20240208/jetty-servlet-9.4.54.v20240208.jar:/Users/fil/.m2/repository/org/eclipse/jetty/jetty-security/9.4.54.v20240208/jetty-security-9.4.54.v20240208.jar:/Users/fil/.m2/repository/org/eclipse/jetty/jetty-util-ajax/9.4.54.v20240208/jetty-util-ajax-9.4.54.v20240208.jar:/Users/fil/.m2/repository/org/eclipse/jetty/jetty-servlets/9.4.54.v20240208/jetty-servlets-9.4.54.v20240208.jar:/Users/fil/.m2/repository/org/eclipse/jetty/jetty-continuation/9.4.54.v20240208/jetty-continuation-9.4.54.v20240208.jar:/Users/fil/.m2/repository/org/eclipse/jetty/jetty-jaas/9.4.54.v20240208/jetty-jaas-9.4.54.v20240208.jar:/Users/fil/.m2/repository/org/apache/directory/api/api-ldap-model/2.1.5/api-ldap-model-2.1.5.jar:/Users/fil/.m2/repository/org/apache/directory/api/api-asn1-ber/2.1.5/api-asn1-ber-2.1.5.jar:/Users/fil/.m2/repository/org/apache/directory/api/api-i18n/2.1.5/api-i18n-2.1.5.jar:/Users/fil/.m2/repository/org/apache/mina/mina-core/2.2.3/mina-core-2.2.3.jar:/Users/fil/.m2/repository/org/apache/servicemix/bundles/org.apache.servicemix.bundles.antlr/2.7.7_5/org.apache.servicemix.bundles.antlr-2.7.7_5.jar:/Users/fil/.m2/repository/org/apache/commons/commons-collections4/4.4/commons-collections4-4.4.jar:/Users/fil/.m2/repository/org/apache/directory/api/api-util/2.1.5/api-util-2.1.5.jar:/Users/fil/.m2/repository/org/apache/directory/api/api-asn1-api/2.1.5/api-asn1-api-2.1.5.jar:/Users/fil/.m2/repository/com/fasterxml/jackson/jaxrs/jackson-jaxrs-json-provider/2.16.0/jackson-jaxrs-json-provider-2.16.0.jar:/Users/fil/.m2/repository/com/fasterxml/jackson/module/jackson-module-jaxb-annotations/2.16.0/jackson-module-jaxb-annotations-2.16.0.jar:/Users/fil/.m2/repository/com/fasterxml/jackson/jaxrs/jackson-jaxrs-base/2.16.0/jackson-jaxrs-base-2.16.0.jar:/Users/fil/.m2/repository/io/github/resilience4j/resilience4j-ratelimiter/1.7.1/resilience4j-ratelimiter-1.7.1.jar:/Users/fil/.m2/repository/io/vavr/vavr/0.10.2/vavr-0.10.2.jar:/Users/fil/.m2/repository/io/vavr/vavr-match/0.10.2/vavr-match-0.10.2.jar:/Users/fil/.m2/repository/io/github/resilience4j/resilience4j-core/1.7.1/resilience4j-core-1.7.1.jar:/Users/fil/.m2/repository/org/slf4j/slf4j-reload4j/1.7.36/slf4j-reload4j-1.7.36.jar:/Users/fil/.m2/repository/ch/qos/reload4j/reload4j/1.2.19/reload4j-1.2.19.jar:/Users/fil/.m2/repository/io/kcache/kcache/4.0.11/kcache-4.0.11.jar:/Users/fil/.m2/repository/com/github/ben-manes/caffeine/caffeine/2.9.3/caffeine-2.9.3.jar:/Users/fil/.m2/repository/com/google/crypto/tink/tink/1.12.0/tink-1.12.0.jar:/Users/fil/.m2/repository/com/google/code/gson/gson/2.10.1/gson-2.10.1.jar:/Users/fil/.m2/repository/io/netty/netty-codec/4.1.108.Final/netty-codec-4.1.108.Final.jar:/Users/fil/.m2/repository/org/eclipse/jetty/jetty-alpn-java-server/9.4.54.v20240208/jetty-alpn-java-server-9.4.54.v20240208.jar:/Users/fil/.m2/repository/org/eclipse/jetty/jetty-io/9.4.54.v20240208/jetty-io-9.4.54.v20240208.jar:/Users/fil/.m2/repository/io/swagger/core/v3/swagger-annotations/2.1.10/swagger-annotations-2.1.10.jar:/Users/fil/.m2/repository/io/swagger/core/v3/swagger-core/2.1.10/swagger-core-2.1.10.jar:/Users/fil/.m2/repository/com/fasterxml/jackson/dataformat/jackson-dataformat-yaml/2.12.1/jackson-dataformat-yaml-2.12.1.jar:/Users/fil/.m2/repository/io/swagger/core/v3/swagger-models/2.1.10/swagger-models-2.1.10.jar:/Users/fil/.m2/repository/org/testcontainers/kafka/1.19.3/kafka-1.19.3.jar:/Users/fil/.m2/repository/org/testcontainers/testcontainers/1.19.3/testcontainers-1.19.3.jar:/Users/fil/.m2/repository/junit/junit/4.13.2/junit-4.13.2.jar:/Users/fil/.m2/repository/org/hamcrest/hamcrest-core/1.3/hamcrest-core-1.3.jar:/Users/fil/.m2/repository/org/rnorth/duct-tape/duct-tape/1.0.8/duct-tape-1.0.8.jar:/Users/fil/.m2/repository/com/github/docker-java/docker-java-api/3.3.4/docker-java-api-3.3.4.jar:/Users/fil/.m2/repository/com/github/docker-java/docker-java-transport-zerodep/3.3.4/docker-java-transport-zerodep-3.3.4.jar:/Users/fil/.m2/repository/com/github/docker-java/docker-java-transport/3.3.4/docker-java-transport-3.3.4.jar:/Users/fil/.m2/repository/net/java/dev/jna/jna/5.13.0/jna-5.13.0.jar:/Users/fil/.m2/repository/org/testcontainers/junit-jupiter/1.19.3/junit-jupiter-1.19.3.jar:/Users/fil/.m2/repository/org/awaitility/awaitility/4.2.0/awaitility-4.2.0.jar:/Users/fil/.m2/repository/org/hamcrest/hamcrest/2.1/hamcrest-2.1.jar:"/>
    <property name="java.vm.vendor" value="Homebrew"/>
    <property name="sun.arch.data.model" value="64"/>
    <property name="java.vendor.url" value="https://github.com/Homebrew/homebrew-core/issues"/>
    <property name="user.timezone" value="Europe/Warsaw"/>
    <property name="os.name" value="Mac OS X"/>
    <property name="java.vm.specification.version" value="24"/>
    <property name="sun.java.launcher" value="SUN_STANDARD"/>
    <property name="user.country" value="GB"/>
    <property name="sun.boot.library.path" value="/opt/homebrew/Cellar/openjdk/24.0.1/libexec/openjdk.jdk/Contents/Home/lib"/>
    <property name="sun.java.command" value="/Users/fil/pekko/pekko-app/target/surefire/surefirebooter-20250701203232535_3.jar /Users/fil/pekko/pekko-app/target/surefire 2025-07-01T20-32-32_502-jvmRun1 surefire-20250701203232535_1tmp surefire_0-20250701203232535_2tmp"/>
    <property name="http.nonProxyHosts" value="local|*.local|169.254/16|*.169.254/16"/>
    <property name="jdk.debug" value="release"/>
    <property name="test" value="FxRateWebSocketIntegrationTest,FxRateHttpServerIntegrationTest,FxRateKafkaProducerTest"/>
    <property name="surefire.test.class.path" value="/Users/fil/pekko/pekko-app/target/test-classes:/Users/fil/pekko/pekko-app/target/classes:/Users/fil/.m2/repository/org/apache/pekko/pekko-actor-typed_2.13/1.1.4/pekko-actor-typed_2.13-1.1.4.jar:/Users/fil/.m2/repository/org/scala-lang/scala-library/2.13.15/scala-library-2.13.15.jar:/Users/fil/.m2/repository/org/apache/pekko/pekko-actor_2.13/1.1.4/pekko-actor_2.13-1.1.4.jar:/Users/fil/.m2/repository/com/typesafe/config/1.4.3/config-1.4.3.jar:/Users/fil/.m2/repository/org/apache/pekko/pekko-slf4j_2.13/1.1.4/pekko-slf4j_2.13-1.1.4.jar:/Users/fil/.m2/repository/org/slf4j/slf4j-api/2.0.16/slf4j-api-2.0.16.jar:/Users/fil/.m2/repository/org/apache/pekko/pekko-stream_2.13/1.1.4/pekko-stream_2.13-1.1.4.jar:/Users/fil/.m2/repository/org/apache/pekko/pekko-protobuf-v3_2.13/1.1.4/pekko-protobuf-v3_2.13-1.1.4.jar:/Users/fil/.m2/repository/org/reactivestreams/reactive-streams/1.0.4/reactive-streams-1.0.4.jar:/Users/fil/.m2/repository/com/typesafe/ssl-config-core_2.13/0.6.1/ssl-config-core_2.13-0.6.1.jar:/Users/fil/.m2/repository/org/apache/pekko/pekko-http_2.13/1.1.0/pekko-http_2.13-1.1.0.jar:/Users/fil/.m2/repository/org/apache/pekko/pekko-http-core_2.13/1.1.0/pekko-http-core_2.13-1.1.0.jar:/Users/fil/.m2/repository/org/apache/pekko/pekko-parsing_2.13/1.1.0/pekko-parsing_2.13-1.1.0.jar:/Users/fil/.m2/repository/org/parboiled/parboiled_2.13/2.5.1/parboiled_2.13-2.5.1.jar:/Users/fil/.m2/repository/org/apache/pekko/pekko-cluster-typed_2.13/1.1.4/pekko-cluster-typed_2.13-1.1.4.jar:/Users/fil/.m2/repository/org/apache/pekko/pekko-cluster_2.13/1.1.4/pekko-cluster_2.13-1.1.4.jar:/Users/fil/.m2/repository/org/apache/pekko/pekko-remote_2.13/1.1.4/pekko-remote_2.13-1.1.4.jar:/Users/fil/.m2/repository/org/apache/pekko/pekko-pki_2.13/1.1.4/pekko-pki_2.13-1.1.4.jar:/Users/fil/.m2/repository/com/hierynomus/asn-one/0.6.0/asn-one-0.6.0.jar:/Users/fil/.m2/repository/org/agrona/agrona/1.22.0/agrona-1.22.0.jar:/Users/fil/.m2/repository/org/apache/pekko/pekko-coordination_2.13/1.1.4/pekko-coordination_2.13-1.1.4.jar:/Users/fil/.m2/repository/org/apache/pekko/pekko-cluster-tools_2.13/1.1.4/pekko-cluster-tools_2.13-1.1.4.jar:/Users/fil/.m2/repository/org/apache/pekko/pekko-distributed-data_2.13/1.1.4/pekko-distributed-data_2.13-1.1.4.jar:/Users/fil/.m2/repository/org/lmdbjava/lmdbjava/0.9.0/lmdbjava-0.9.0.jar:/Users/fil/.m2/repository/com/github/jnr/jnr-constants/0.10.4/jnr-constants-0.10.4.jar:/Users/fil/.m2/repository/com/github/jnr/jnr-ffi/2.2.15/jnr-ffi-2.2.15.jar:/Users/fil/.m2/repository/com/github/jnr/jffi/1.3.12/jffi-1.3.12.jar:/Users/fil/.m2/repository/com/github/jnr/jffi/1.3.12/jffi-1.3.12-native.jar:/Users/fil/.m2/repository/org/ow2/asm/asm/9.2/asm-9.2.jar:/Users/fil/.m2/repository/org/ow2/asm/asm-commons/9.2/asm-commons-9.2.jar:/Users/fil/.m2/repository/org/ow2/asm/asm-analysis/9.2/asm-analysis-9.2.jar:/Users/fil/.m2/repository/org/ow2/asm/asm-tree/9.2/asm-tree-9.2.jar:/Users/fil/.m2/repository/org/ow2/asm/asm-util/9.2/asm-util-9.2.jar:/Users/fil/.m2/repository/com/github/jnr/jnr-a64asm/1.0.0/jnr-a64asm-1.0.0.jar:/Users/fil/.m2/repository/com/github/jnr/jnr-x86asm/1.0.2/jnr-x86asm-1.0.2.jar:/Users/fil/.m2/repository/org/apache/pekko/pekko-serialization-jackson_2.13/1.1.4/pekko-serialization-jackson_2.13-1.1.4.jar:/Users/fil/.m2/repository/com/fasterxml/jackson/core/jackson-core/2.17.3/jackson-core-2.17.3.jar:/Users/fil/.m2/repository/com/fasterxml/jackson/core/jackson-annotations/2.17.3/jackson-annotations-2.17.3.jar:/Users/fil/.m2/repository/com/fasterxml/jackson/datatype/jackson-datatype-jdk8/2.17.3/jackson-datatype-jdk8-2.17.3.jar:/Users/fil/.m2/repository/com/fasterxml/jackson/datatype/jackson-datatype-jsr310/2.17.3/jackson-datatype-jsr310-2.17.3.jar:/Users/fil/.m2/repository/com/fasterxml/jackson/module/jackson-module-parameter-names/2.17.3/jackson-module-parameter-names-2.17.3.jar:/Users/fil/.m2/repository/com/fasterxml/jackson/dataformat/jackson-dataformat-cbor/2.17.3/jackson-dataformat-cbor-2.17.3.jar:/Users/fil/.m2/repository/com/fasterxml/jackson/module/jackson-module-scala_2.13/2.17.3/jackson-module-scala_2.13-2.17.3.jar:/Users/fil/.m2/repository/com/thoughtworks/paranamer/paranamer/2.8/paranamer-2.8.jar:/Users/fil/.m2/repository/org/lz4/lz4-java/1.8.0/lz4-java-1.8.0.jar:/Users/fil/.m2/repository/org/apache/pekko/pekko-connectors-kafka_2.13/1.1.0/pekko-connectors-kafka_2.13-1.1.0.jar:/Users/fil/.m2/repository/org/apache/kafka/kafka-clients/3.8.0/kafka-clients-3.8.0.jar:/Users/fil/.m2/repository/com/github/luben/zstd-jni/1.5.6-3/zstd-jni-1.5.6-3.jar:/Users/fil/.m2/repository/org/xerial/snappy/snappy-java/1.1.10.5/snappy-java-1.1.10.5.jar:/Users/fil/.m2/repository/io/confluent/kafka-avro-serializer/7.7.1/kafka-avro-serializer-7.7.1.jar:/Users/fil/.m2/repository/org/apache/commons/commons-compress/1.26.1/commons-compress-1.26.1.jar:/Users/fil/.m2/repository/commons-codec/commons-codec/1.16.1/commons-codec-1.16.1.jar:/Users/fil/.m2/repository/commons-io/commons-io/2.15.1/commons-io-2.15.1.jar:/Users/fil/.m2/repository/org/apache/commons/commons-lang3/3.14.0/commons-lang3-3.14.0.jar:/Users/fil/.m2/repository/io/confluent/kafka-schema-serializer/7.7.1/kafka-schema-serializer-7.7.1.jar:/Users/fil/.m2/repository/io/confluent/kafka-schema-registry-client/7.7.1/kafka-schema-registry-client-7.7.1.jar:/Users/fil/.m2/repository/org/yaml/snakeyaml/2.0/snakeyaml-2.0.jar:/Users/fil/.m2/repository/com/google/guava/guava/32.0.1-jre/guava-32.0.1-jre.jar:/Users/fil/.m2/repository/com/google/guava/failureaccess/1.0.1/failureaccess-1.0.1.jar:/Users/fil/.m2/repository/com/google/guava/listenablefuture/9999.0-empty-to-avoid-conflict-with-guava/listenablefuture-9999.0-empty-to-avoid-conflict-with-guava.jar:/Users/fil/.m2/repository/com/google/code/findbugs/jsr305/3.0.2/jsr305-3.0.2.jar:/Users/fil/.m2/repository/org/checkerframework/checker-qual/3.33.0/checker-qual-3.33.0.jar:/Users/fil/.m2/repository/com/google/errorprone/error_prone_annotations/2.18.0/error_prone_annotations-2.18.0.jar:/Users/fil/.m2/repository/com/google/j2objc/j2objc-annotations/2.8/j2objc-annotations-2.8.jar:/Users/fil/.m2/repository/io/confluent/logredactor/1.0.12/logredactor-1.0.12.jar:/Users/fil/.m2/repository/com/google/re2j/re2j/1.6/re2j-1.6.jar:/Users/fil/.m2/repository/io/confluent/logredactor-metrics/1.0.12/logredactor-metrics-1.0.12.jar:/Users/fil/.m2/repository/com/eclipsesource/minimal-json/minimal-json/0.9.5/minimal-json-0.9.5.jar:/Users/fil/.m2/repository/io/confluent/common-utils/7.7.1/common-utils-7.7.1.jar:/Users/fil/.m2/repository/org/apache/avro/avro/1.12.0/avro-1.12.0.jar:/Users/fil/.m2/repository/io/lettuce/lettuce-core/6.3.2.RELEASE/lettuce-core-6.3.2.RELEASE.jar:/Users/fil/.m2/repository/io/netty/netty-common/4.1.107.Final/netty-common-4.1.107.Final.jar:/Users/fil/.m2/repository/io/netty/netty-handler/4.1.107.Final/netty-handler-4.1.107.Final.jar:/Users/fil/.m2/repository/io/netty/netty-resolver/4.1.107.Final/netty-resolver-4.1.107.Final.jar:/Users/fil/.m2/repository/io/netty/netty-buffer/4.1.107.Final/netty-buffer-4.1.107.Final.jar:/Users/fil/.m2/repository/io/netty/netty-transport-native-unix-common/4.1.107.Final/netty-transport-native-unix-common-4.1.107.Final.jar:/Users/fil/.m2/repository/io/netty/netty-transport/4.1.107.Final/netty-transport-4.1.107.Final.jar:/Users/fil/.m2/repository/io/projectreactor/reactor-core/3.6.4/reactor-core-3.6.4.jar:/Users/fil/.m2/repository/org/apache/commons/commons-pool2/2.12.0/commons-pool2-2.12.0.jar:/Users/fil/.m2/repository/com/fasterxml/jackson/core/jackson-databind/2.17.2/jackson-databind-2.17.2.jar:/Users/fil/.m2/repository/ch/qos/logback/logback-classic/1.4.14/logback-classic-1.4.14.jar:/Users/fil/.m2/repository/ch/qos/logback/logback-core/1.4.14/logback-core-1.4.14.jar:/Users/fil/.m2/repository/org/junit/jupiter/junit-jupiter/5.10.1/junit-jupiter-5.10.1.jar:/Users/fil/.m2/repository/org/junit/jupiter/junit-jupiter-api/5.10.1/junit-jupiter-api-5.10.1.jar:/Users/fil/.m2/repository/org/opentest4j/opentest4j/1.3.0/opentest4j-1.3.0.jar:/Users/fil/.m2/repository/org/junit/platform/junit-platform-commons/1.10.1/junit-platform-commons-1.10.1.jar:/Users/fil/.m2/repository/org/apiguardian/apiguardian-api/1.1.2/apiguardian-api-1.1.2.jar:/Users/fil/.m2/repository/org/junit/jupiter/junit-jupiter-params/5.10.1/junit-jupiter-params-5.10.1.jar:/Users/fil/.m2/repository/org/junit/jupiter/junit-jupiter-engine/5.10.1/junit-jupiter-engine-5.10.1.jar:/Users/fil/.m2/repository/org/junit/platform/junit-platform-engine/1.10.1/junit-platform-engine-1.10.1.jar:/Users/fil/.m2/repository/org/apache/pekko/pekko-actor-testkit-typed_2.13/1.1.4/pekko-actor-testkit-typed_2.13-1.1.4.jar:/Users/fil/.m2/repository/org/apache/pekko/pekko-testkit_2.13/1.1.4/pekko-testkit_2.13-1.1.4.jar:/Users/fil/.m2/repository/org/apache/pekko/pekko-http-testkit_2.13/1.1.0/pekko-http-testkit_2.13-1.1.0.jar:/Users/fil/.m2/repository/org/apache/pekko/pekko-stream-testkit_2.13/1.1.4/pekko-stream-testkit_2.13-1.1.4.jar:/Users/fil/.m2/repository/org/asynchttpclient/async-http-client/2.12.3/async-http-client-2.12.3.jar:/Users/fil/.m2/repository/org/asynchttpclient/async-http-client-netty-utils/2.12.3/async-http-client-netty-utils-2.12.3.jar:/Users/fil/.m2/repository/io/netty/netty-codec-http/4.1.60.Final/netty-codec-http-4.1.60.Final.jar:/Users/fil/.m2/repository/io/netty/netty-codec-socks/4.1.60.Final/netty-codec-socks-4.1.60.Final.jar:/Users/fil/.m2/repository/io/netty/netty-handler-proxy/4.1.60.Final/netty-handler-proxy-4.1.60.Final.jar:/Users/fil/.m2/repository/io/netty/netty-transport-native-epoll/4.1.60.Final/netty-transport-native-epoll-4.1.60.Final-linux-x86_64.jar:/Users/fil/.m2/repository/io/netty/netty-transport-native-kqueue/4.1.60.Final/netty-transport-native-kqueue-4.1.60.Final-osx-x86_64.jar:/Users/fil/.m2/repository/com/typesafe/netty/netty-reactive-streams/2.0.4/netty-reactive-streams-2.0.4.jar:/Users/fil/.m2/repository/com/sun/activation/jakarta.activation/1.2.2/jakarta.activation-1.2.2.jar:/Users/fil/.m2/repository/org/java-websocket/Java-WebSocket/1.5.6/Java-WebSocket-1.5.6.jar:/Users/fil/.m2/repository/org/apache/kafka/kafka_2.13/3.8.0/kafka_2.13-3.8.0.jar:/Users/fil/.m2/repository/org/apache/kafka/kafka-server-common/3.8.0/kafka-server-common-3.8.0.jar:/Users/fil/.m2/repository/org/pcollections/pcollections/4.0.1/pcollections-4.0.1.jar:/Users/fil/.m2/repository/org/apache/kafka/kafka-group-coordinator-api/3.8.0/kafka-group-coordinator-api-3.8.0.jar:/Users/fil/.m2/repository/org/apache/kafka/kafka-group-coordinator/3.8.0/kafka-group-coordinator-3.8.0.jar:/Users/fil/.m2/repository/org/apache/kafka/kafka-transaction-coordinator/3.8.0/kafka-transaction-coordinator-3.8.0.jar:/Users/fil/.m2/repository/org/apache/kafka/kafka-metadata/3.8.0/kafka-metadata-3.8.0.jar:/Users/fil/.m2/repository/org/apache/kafka/kafka-storage-api/3.8.0/kafka-storage-api-3.8.0.jar:/Users/fil/.m2/repository/org/apache/kafka/kafka-tools-api/3.8.0/kafka-tools-api-3.8.0.jar:/Users/fil/.m2/repository/org/apache/kafka/kafka-raft/3.8.0/kafka-raft-3.8.0.jar:/Users/fil/.m2/repository/org/apache/kafka/kafka-storage/3.8.0/kafka-storage-3.8.0.jar:/Users/fil/.m2/repository/org/apache/kafka/kafka-server/3.8.0/kafka-server-3.8.0.jar:/Users/fil/.m2/repository/net/sourceforge/argparse4j/argparse4j/0.7.0/argparse4j-0.7.0.jar:/Users/fil/.m2/repository/commons-validator/commons-validator/1.7/commons-validator-1.7.jar:/Users/fil/.m2/repository/commons-beanutils/commons-beanutils/1.9.4/commons-beanutils-1.9.4.jar:/Users/fil/.m2/repository/commons-digester/commons-digester/2.1/commons-digester-2.1.jar:/Users/fil/.m2/repository/commons-logging/commons-logging/1.2/commons-logging-1.2.jar:/Users/fil/.m2/repository/commons-collections/commons-collections/3.2.2/commons-collections-3.2.2.jar:/Users/fil/.m2/repository/com/fasterxml/jackson/dataformat/jackson-dataformat-csv/2.16.2/jackson-dataformat-csv-2.16.2.jar:/Users/fil/.m2/repository/net/sf/jopt-simple/jopt-simple/5.0.4/jopt-simple-5.0.4.jar:/Users/fil/.m2/repository/org/bitbucket/b_c/jose4j/0.9.4/jose4j-0.9.4.jar:/Users/fil/.m2/repository/com/yammer/metrics/metrics-core/2.2.0/metrics-core-2.2.0.jar:/Users/fil/.m2/repository/org/scala-lang/modules/scala-collection-compat_2.13/2.10.0/scala-collection-compat_2.13-2.10.0.jar:/Users/fil/.m2/repository/org/scala-lang/modules/scala-java8-compat_2.13/1.0.2/scala-java8-compat_2.13-1.0.2.jar:/Users/fil/.m2/repository/org/scala-lang/scala-reflect/2.13.14/scala-reflect-2.13.14.jar:/Users/fil/.m2/repository/com/typesafe/scala-logging/scala-logging_2.13/3.9.4/scala-logging_2.13-3.9.4.jar:/Users/fil/.m2/repository/io/dropwizard/metrics/metrics-core/4.1.12.1/metrics-core-4.1.12.1.jar:/Users/fil/.m2/repository/org/apache/zookeeper/zookeeper/3.8.4/zookeeper-3.8.4.jar:/Users/fil/.m2/repository/org/apache/zookeeper/zookeeper-jute/3.8.4/zookeeper-jute-3.8.4.jar:/Users/fil/.m2/repository/org/apache/yetus/audience-annotations/0.12.0/audience-annotations-0.12.0.jar:/Users/fil/.m2/repository/io/netty/netty-transport-native-epoll/4.1.105.Final/netty-transport-native-epoll-4.1.105.Final.jar:/Users/fil/.m2/repository/io/netty/netty-transport-classes-epoll/4.1.105.Final/netty-transport-classes-epoll-4.1.105.Final.jar:/Users/fil/.m2/repository/commons-cli/commons-cli/1.4/commons-cli-1.4.jar:/Users/fil/.m2/repository/io/confluent/kafka-schema-registry/7.7.1/kafka-schema-registry-7.7.1.jar:/Users/fil/.m2/repository/io/confluent/kafka-json-schema-provider/7.7.1/kafka-json-schema-provider-7.7.1.jar:/Users/fil/.m2/repository/com/github/erosb/everit-json-schema/1.14.3/everit-json-schema-1.14.3.jar:/Users/fil/.m2/repository/org/json/json/20231013/json-20231013.jar:/Users/fil/.m2/repository/com/damnhandy/handy-uri-templates/2.1.8/handy-uri-templates-2.1.8.jar:/Users/fil/.m2/repository/com/github/erosb/json-sKema/0.15.0/json-sKema-0.15.0.jar:/Users/fil/.m2/repository/com/fasterxml/jackson/datatype/jackson-datatype-guava/2.16.0/jackson-datatype-guava-2.16.0.jar:/Users/fil/.m2/repository/com/fasterxml/jackson/datatype/jackson-datatype-joda/2.16.0/jackson-datatype-joda-2.16.0.jar:/Users/fil/.m2/repository/joda-time/joda-time/2.10.14/joda-time-2.10.14.jar:/Users/fil/.m2/repository/com/kjetland/mbknor-jackson-jsonschema_2.13/1.0.39/mbknor-jackson-jsonschema_2.13-1.0.39.jar:/Users/fil/.m2/repository/javax/validation/validation-api/2.0.1.Final/validation-api-2.0.1.Final.jar:/Users/fil/.m2/repository/io/github/classgraph/classgraph/4.8.21/classgraph-4.8.21.jar:/Users/fil/.m2/repository/org/jetbrains/kotlin/kotlin-stdlib/1.9.10/kotlin-stdlib-1.9.10.jar:/Users/fil/.m2/repository/org/jetbrains/kotlin/kotlin-stdlib-common/1.9.10/kotlin-stdlib-common-1.9.10.jar:/Users/fil/.m2/repository/org/jetbrains/annotations/13.0/annotations-13.0.jar:/Users/fil/.m2/repository/org/jetbrains/kotlin/kotlin-scripting-jvm/1.9.10/kotlin-scripting-jvm-1.9.10.jar:/Users/fil/.m2/repository/org/jetbrains/kotlin/kotlin-script-runtime/1.9.10/kotlin-script-runtime-1.9.10.jar:/Users/fil/.m2/repository/org/jetbrains/kotlin/kotlin-scripting-common/1.9.10/kotlin-scripting-common-1.9.10.jar:/Users/fil/.m2/repository/org/jetbrains/kotlin/kotlin-scripting-compiler-embeddable/1.9.10/kotlin-scripting-compiler-embeddable-1.9.10.jar:/Users/fil/.m2/repository/org/jetbrains/kotlin/kotlin-scripting-compiler-impl-embeddable/1.9.10/kotlin-scripting-compiler-impl-embeddable-1.9.10.jar:/Users/fil/.m2/repository/io/confluent/kafka-protobuf-provider/7.7.1/kafka-protobuf-provider-7.7.1.jar:/Users/fil/.m2/repository/com/squareup/wire/wire-schema-jvm/4.9.7/wire-schema-jvm-4.9.7.jar:/Users/fil/.m2/repository/com/squareup/javapoet/1.13.0/javapoet-1.13.0.jar:/Users/fil/.m2/repository/com/squareup/kotlinpoet-jvm/1.16.0/kotlinpoet-jvm-1.16.0.jar:/Users/fil/.m2/repository/org/jetbrains/kotlin/kotlin-reflect/1.9.22/kotlin-reflect-1.9.22.jar:/Users/fil/.m2/repository/org/jetbrains/kotlin/kotlin-stdlib-jdk8/1.9.10/kotlin-stdlib-jdk8-1.9.10.jar:/Users/fil/.m2/repository/org/jetbrains/kotlin/kotlin-stdlib-jdk7/1.9.10/kotlin-stdlib-jdk7-1.9.10.jar:/Users/fil/.m2/repository/com/squareup/wire/wire-runtime-jvm/4.9.7/wire-runtime-jvm-4.9.7.jar:/Users/fil/.m2/repository/com/squareup/okio/okio-jvm/3.4.0/okio-jvm-3.4.0.jar:/Users/fil/.m2/repository/com/google/protobuf/protobuf-java/3.25.4/protobuf-java-3.25.4.jar:/Users/fil/.m2/repository/com/google/protobuf/protobuf-java-util/3.25.4/protobuf-java-util-3.25.4.jar:/Users/fil/.m2/repository/com/google/api/grpc/proto-google-common-protos/2.22.1/proto-google-common-protos-2.22.1.jar:/Users/fil/.m2/repository/io/confluent/kafka-protobuf-types/7.7.1/kafka-protobuf-types-7.7.1.jar:/Users/fil/.m2/repository/org/glassfish/jersey/ext/jersey-bean-validation/2.36/jersey-bean-validation-2.36.jar:/Users/fil/.m2/repository/org/glassfish/hk2/external/jakarta.inject/2.6.1/jakarta.inject-2.6.1.jar:/Users/fil/.m2/repository/org/glassfish/jersey/core/jersey-common/2.36/jersey-common-2.36.jar:/Users/fil/.m2/repository/jakarta/annotation/jakarta.annotation-api/1.3.5/jakarta.annotation-api-1.3.5.jar:/Users/fil/.m2/repository/org/glassfish/hk2/osgi-resource-locator/1.0.3/osgi-resource-locator-1.0.3.jar:/Users/fil/.m2/repository/org/glassfish/jersey/core/jersey-server/2.36/jersey-server-2.36.jar:/Users/fil/.m2/repository/org/glassfish/jersey/core/jersey-client/2.36/jersey-client-2.36.jar:/Users/fil/.m2/repository/jakarta/validation/jakarta.validation-api/2.0.2/jakarta.validation-api-2.0.2.jar:/Users/fil/.m2/repository/jakarta/el/jakarta.el-api/3.0.3/jakarta.el-api-3.0.3.jar:/Users/fil/.m2/repository/org/glassfish/jakarta.el/3.0.4/jakarta.el-3.0.4.jar:/Users/fil/.m2/repository/jakarta/ws/rs/jakarta.ws.rs-api/2.1.6/jakarta.ws.rs-api-2.1.6.jar:/Users/fil/.m2/repository/org/hibernate/validator/hibernate-validator/6.1.7.Final/hibernate-validator-6.1.7.Final.jar:/Users/fil/.m2/repository/org/jboss/logging/jboss-logging/3.3.2.Final/jboss-logging-3.3.2.Final.jar:/Users/fil/.m2/repository/com/fasterxml/classmate/1.3.4/classmate-1.3.4.jar:/Users/fil/.m2/repository/io/confluent/rest-utils/7.7.1/rest-utils-7.7.1.jar:/Users/fil/.m2/repository/org/eclipse/jetty/websocket/javax-websocket-server-impl/9.4.54.v20240208/javax-websocket-server-impl-9.4.54.v20240208.jar:/Users/fil/.m2/repository/org/eclipse/jetty/jetty-annotations/9.4.54.v20240208/jetty-annotations-9.4.54.v20240208.jar:/Users/fil/.m2/repository/org/eclipse/jetty/jetty-plus/9.4.54.v20240208/jetty-plus-9.4.54.v20240208.jar:/Users/fil/.m2/repository/org/eclipse/jetty/jetty-jndi/9.4.54.v20240208/jetty-jndi-9.4.54.v20240208.jar:/Users/fil/.m2/repository/org/eclipse/jetty/jetty-webapp/9.4.54.v20240208/jetty-webapp-9.4.54.v20240208.jar:/Users/fil/.m2/repository/org/eclipse/jetty/jetty-xml/9.4.54.v20240208/jetty-xml-9.4.54.v20240208.jar:/Users/fil/.m2/repository/javax/annotation/javax.annotation-api/1.3.2/javax.annotation-api-1.3.2.jar:/Users/fil/.m2/repository/org/eclipse/jetty/websocket/javax-websocket-client-impl/9.4.54.v20240208/javax-websocket-client-impl-9.4.54.v20240208.jar:/Users/fil/.m2/repository/org/eclipse/jetty/websocket/websocket-client/9.4.54.v20240208/websocket-client-9.4.54.v20240208.jar:/Users/fil/.m2/repository/org/eclipse/jetty/jetty-client/9.4.54.v20240208/jetty-client-9.4.54.v20240208.jar:/Users/fil/.m2/repository/javax/websocket/javax.websocket-client-api/1.0/javax.websocket-client-api-1.0.jar:/Users/fil/.m2/repository/org/eclipse/jetty/websocket/websocket-server/9.4.54.v20240208/websocket-server-9.4.54.v20240208.jar:/Users/fil/.m2/repository/org/eclipse/jetty/websocket/websocket-common/9.4.54.v20240208/websocket-common-9.4.54.v20240208.jar:/Users/fil/.m2/repository/org/eclipse/jetty/websocket/websocket-api/9.4.54.v20240208/websocket-api-9.4.54.v20240208.jar:/Users/fil/.m2/repository/org/eclipse/jetty/websocket/websocket-servlet/9.4.54.v20240208/websocket-servlet-9.4.54.v20240208.jar:/Users/fil/.m2/repository/javax/websocket/javax.websocket-api/1.0/javax.websocket-api-1.0.jar:/Users/fil/.m2/repository/org/glassfish/jersey/containers/jersey-container-servlet/2.36/jersey-container-servlet-2.36.jar:/Users/fil/.m2/repository/org/glassfish/jersey/containers/jersey-container-servlet-core/2.36/jersey-container-servlet-core-2.36.jar:/Users/fil/.m2/repository/org/glassfish/jersey/inject/jersey-hk2/2.36/jersey-hk2-2.36.jar:/Users/fil/.m2/repository/org/glassfish/hk2/hk2-locator/2.6.1/hk2-locator-2.6.1.jar:/Users/fil/.m2/repository/org/glassfish/hk2/external/aopalliance-repackaged/2.6.1/aopalliance-repackaged-2.6.1.jar:/Users/fil/.m2/repository/org/glassfish/hk2/hk2-api/2.6.1/hk2-api-2.6.1.jar:/Users/fil/.m2/repository/org/glassfish/hk2/hk2-utils/2.6.1/hk2-utils-2.6.1.jar:/Users/fil/.m2/repository/org/javassist/javassist/3.25.0-GA/javassist-3.25.0-GA.jar:/Users/fil/.m2/repository/jakarta/xml/bind/jakarta.xml.bind-api/2.3.3/jakarta.xml.bind-api-2.3.3.jar:/Users/fil/.m2/repository/jakarta/activation/jakarta.activation-api/1.2.2/jakarta.activation-api-1.2.2.jar:/Users/fil/.m2/repository/javax/activation/activation/1.1.1/activation-1.1.1.jar:/Users/fil/.m2/repository/org/eclipse/jetty/jetty-jmx/9.4.54.v20240208/jetty-jmx-9.4.54.v20240208.jar:/Users/fil/.m2/repository/org/eclipse/jetty/jetty-util/9.4.54.v20240208/jetty-util-9.4.54.v20240208.jar:/Users/fil/.m2/repository/org/eclipse/jetty/jetty-server/9.4.54.v20240208/jetty-server-9.4.54.v20240208.jar:/Users/fil/.m2/repository/javax/servlet/javax.servlet-api/3.1.0/javax.servlet-api-3.1.0.jar:/Users/fil/.m2/repository/org/eclipse/jetty/jetty-http/9.4.54.v20240208/jetty-http-9.4.54.v20240208.jar:/Users/fil/.m2/repository/org/eclipse/jetty/http2/http2-server/9.4.54.v20240208/http2-server-9.4.54.v20240208.jar:/Users/fil/.m2/repository/org/eclipse/jetty/http2/http2-common/9.4.54.v20240208/http2-common-9.4.54.v20240208.jar:/Users/fil/.m2/repository/org/eclipse/jetty/http2/http2-hpack/9.4.54.v20240208/http2-hpack-9.4.54.v20240208.jar:/Users/fil/.m2/repository/org/eclipse/jetty/jetty-alpn-server/9.4.54.v20240208/jetty-alpn-server-9.4.54.v20240208.jar:/Users/fil/.m2/repository/org/eclipse/jetty/jetty-alpn-conscrypt-server/9.4.54.v20240208/jetty-alpn-conscrypt-server-9.4.54.v20240208.jar:/Users/fil/.m2/repository/org/conscrypt/conscrypt-openjdk-uber/2.5.2/conscrypt-openjdk-uber-2.5.2.jar:/Users/fil/.m2/repository/org/eclipse/jetty/jetty-servlet/9.4.54.v20240208/jetty-servlet-9.4.54.v20240208.jar:/Users/fil/.m2/repository/org/eclipse/jetty/jetty-security/9.4.54.v20240208/jetty-security-9.4.54.v20240208.jar:/Users/fil/.m2/repository/org/eclipse/jetty/jetty-util-ajax/9.4.54.v20240208/jetty-util-ajax-9.4.54.v20240208.jar:/Users/fil/.m2/repository/org/eclipse/jetty/jetty-servlets/9.4.54.v20240208/jetty-servlets-9.4.54.v20240208.jar:/Users/fil/.m2/repository/org/eclipse/jetty/jetty-continuation/9.4.54.v20240208/jetty-continuation-9.4.54.v20240208.jar:/Users/fil/.m2/repository/org/eclipse/jetty/jetty-jaas/9.4.54.v20240208/jetty-jaas-9.4.54.v20240208.jar:/Users/fil/.m2/repository/org/apache/directory/api/api-ldap-model/2.1.5/api-ldap-model-2.1.5.jar:/Users/fil/.m2/repository/org/apache/directory/api/api-asn1-ber/2.1.5/api-asn1-ber-2.1.5.jar:/Users/fil/.m2/repository/org/apache/directory/api/api-i18n/2.1.5/api-i18n-2.1.5.jar:/Users/fil/.m2/repository/org/apache/mina/mina-core/2.2.3/mina-core-2.2.3.jar:/Users/fil/.m2/repository/org/apache/servicemix/bundles/org.apache.servicemix.bundles.antlr/2.7.7_5/org.apache.servicemix.bundles.antlr-2.7.7_5.jar:/Users/fil/.m2/repository/org/apache/commons/commons-collections4/4.4/commons-collections4-4.4.jar:/Users/fil/.m2/repository/org/apache/directory/api/api-util/2.1.5/api-util-2.1.5.jar:/Users/fil/.m2/repository/org/apache/directory/api/api-asn1-api/2.1.5/api-asn1-api-2.1.5.jar:/Users/fil/.m2/repository/com/fasterxml/jackson/jaxrs/jackson-jaxrs-json-provider/2.16.0/jackson-jaxrs-json-provider-2.16.0.jar:/Users/fil/.m2/repository/com/fasterxml/jackson/module/jackson-module-jaxb-annotations/2.16.0/jackson-module-jaxb-annotations-2.16.0.jar:/Users/fil/.m2/repository/com/fasterxml/jackson/jaxrs/jackson-jaxrs-base/2.16.0/jackson-jaxrs-base-2.16.0.jar:/Users/fil/.m2/repository/io/github/resilience4j/resilience4j-ratelimiter/1.7.1/resilience4j-ratelimiter-1.7.1.jar:/Users/fil/.m2/repository/io/vavr/vavr/0.10.2/vavr-0.10.2.jar:/Users/fil/.m2/repository/io/vavr/vavr-match/0.10.2/vavr-match-0.10.2.jar:/Users/fil/.m2/repository/io/github/resilience4j/resilience4j-core/1.7.1/resilience4j-core-1.7.1.jar:/Users/fil/.m2/repository/org/slf4j/slf4j-reload4j/1.7.36/slf4j-reload4j-1.7.36.jar:/Users/fil/.m2/repository/ch/qos/reload4j/reload4j/1.2.19/reload4j-1.2.19.jar:/Users/fil/.m2/repository/io/kcache/kcache/4.0.11/kcache-4.0.11.jar:/Users/fil/.m2/repository/com/github/ben-manes/caffeine/caffeine/2.9.3/caffeine-2.9.3.jar:/Users/fil/.m2/repository/com/google/crypto/tink/tink/1.12.0/tink-1.12.0.jar:/Users/fil/.m2/repository/com/google/code/gson/gson/2.10.1/gson-2.10.1.jar:/Users/fil/.m2/repository/io/netty/netty-codec/4.1.108.Final/netty-codec-4.1.108.Final.jar:/Users/fil/.m2/repository/org/eclipse/jetty/jetty-alpn-java-server/9.4.54.v20240208/jetty-alpn-java-server-9.4.54.v20240208.jar:/Users/fil/.m2/repository/org/eclipse/jetty/jetty-io/9.4.54.v20240208/jetty-io-9.4.54.v20240208.jar:/Users/fil/.m2/repository/io/swagger/core/v3/swagger-annotations/2.1.10/swagger-annotations-2.1.10.jar:/Users/fil/.m2/repository/io/swagger/core/v3/swagger-core/2.1.10/swagger-core-2.1.10.jar:/Users/fil/.m2/repository/com/fasterxml/jackson/dataformat/jackson-dataformat-yaml/2.12.1/jackson-dataformat-yaml-2.12.1.jar:/Users/fil/.m2/repository/io/swagger/core/v3/swagger-models/2.1.10/swagger-models-2.1.10.jar:/Users/fil/.m2/repository/org/testcontainers/kafka/1.19.3/kafka-1.19.3.jar:/Users/fil/.m2/repository/org/testcontainers/testcontainers/1.19.3/testcontainers-1.19.3.jar:/Users/fil/.m2/repository/junit/junit/4.13.2/junit-4.13.2.jar:/Users/fil/.m2/repository/org/hamcrest/hamcrest-core/1.3/hamcrest-core-1.3.jar:/Users/fil/.m2/repository/org/rnorth/duct-tape/duct-tape/1.0.8/duct-tape-1.0.8.jar:/Users/fil/.m2/repository/com/github/docker-java/docker-java-api/3.3.4/docker-java-api-3.3.4.jar:/Users/fil/.m2/repository/com/github/docker-java/docker-java-transport-zerodep/3.3.4/docker-java-transport-zerodep-3.3.4.jar:/Users/fil/.m2/repository/com/github/docker-java/docker-java-transport/3.3.4/docker-java-transport-3.3.4.jar:/Users/fil/.m2/repository/net/java/dev/jna/jna/5.13.0/jna-5.13.0.jar:/Users/fil/.m2/repository/org/testcontainers/junit-jupiter/1.19.3/junit-jupiter-1.19.3.jar:/Users/fil/.m2/repository/org/awaitility/awaitility/4.2.0/awaitility-4.2.0.jar:/Users/fil/.m2/repository/org/hamcrest/hamcrest/2.1/hamcrest-2.1.jar:"/>
    <property name="sun.cpu.endian" value="little"/>
    <property name="user.home" value="/Users/fil"/>
    <property name="user.language" value="en"/>
    <property name="java.specification.vendor" value="Oracle Corporation"/>
    <property name="java.version.date" value="2025-04-15"/>
    <property name="java.home" value="/opt/homebrew/Cellar/openjdk/24.0.1/libexec/openjdk.jdk/Contents/Home"/>
    <property name="file.separator" value="/"/>
    <property name="basedir" value="/Users/fil/pekko/pekko-app"/>
    <property name="java.vm.compressedOopsMode" value="Zero based"/>
    <property name="line.separator" value="&#10;"/>
    <property name="java.vm.specification.vendor" value="Oracle Corporation"/>
    <property name="java.specification.name" value="Java Platform API Specification"/>
    <property name="apple.awt.application.name" value="ForkedBooter"/>
    <property name="surefire.real.class.path" value="/Users/fil/pekko/pekko-app/target/surefire/surefirebooter-20250701203232535_3.jar"/>
    <property name="sun.management.compiler" value="HotSpot 64-Bit Tiered Compilers"/>
    <property name="ftp.nonProxyHosts" value="local|*.local|169.254/16|*.169.254/16"/>
    <property name="java.runtime.version" value="24.0.1"/>
    <property name="user.name" value="fil"/>
    <property name="stdout.encoding" value="UTF-8"/>
    <property name="path.separator" value=":"/>
    <property name="os.version" value="15.5"/>
    <property name="java.runtime.name" value="OpenJDK Runtime Environment"/>
    <property name="file.encoding" value="UTF-8"/>
    <property name="java.vm.name" value="OpenJDK 64-Bit Server VM"/>
    <property name="java.vendor.version" value="Homebrew"/>
    <property name="localRepository" value="/Users/fil/.m2/repository"/>
    <property name="java.vendor.url.bug" value="https://github.com/Homebrew/homebrew-core/issues"/>
    <property name="java.io.tmpdir" value="/var/folders/vt/m43s966926b8jqjfqx3pxy040000gn/T/"/>
    <property name="java.version" value="24.0.1"/>
    <property name="user.dir" value="/Users/fil/pekko/pekko-app"/>
    <property name="os.arch" value="aarch64"/>
    <property name="java.vm.specification.name" value="Java Virtual Machine Specification"/>
    <property name="native.encoding" value="UTF-8"/>
    <property name="java.library.path" value="/Users/fil/Library/Java/Extensions:/Library/Java/Extensions:/Network/Library/Java/Extensions:/System/Library/Java/Extensions:/usr/lib/java:."/>
    <property name="java.vm.info" value="mixed mode, sharing"/>
    <property name="stderr.encoding" value="UTF-8"/>
    <property name="java.vendor" value="Homebrew"/>
    <property name="java.vm.version" value="24.0.1"/>
    <property name="sun.io.unicode.encoding" value="UnicodeBig"/>
    <property name="socksNonProxyHosts" value="local|*.local|169.254/16|*.169.254/16"/>
    <property name="java.class.version" value="68.0"/>
  </properties>
  <testcase name="testHighVolumeSend" classname="com.example.pekko.FxRateKafkaProducerTest" time="0.839">
    <system-out><![CDATA[20:32:32.915 [main] INFO  c.e.pekko.FxRateKafkaProducerTest - Setting up FxRateKafkaProducerTest
20:32:33.326 [main] INFO  c.e.pekko.FxRateKafkaProducerTest - Testing high volume send of 1000 FxRates
20:32:33.349 [main] WARN  org.apache.avro.Schema - Ignored the com.example.pekko.model.FxRate.timestamp.logicalType property ("timestamp-millis"). It should probably be nested inside the "type" for the field.
20:32:33.366 [main] INFO  c.example.pekko.FxRateAvroProducer - Sending 1000 FxRate records to topic fx-rates
20:32:33.514 [ForkJoinPool.commonPool-worker-5] WARN  org.apache.avro.Schema - Ignored the com.example.pekko.model.FxRate.timestamp.logicalType property ("timestamp-millis"). It should probably be nested inside the "type" for the field.
20:32:33.514 [ForkJoinPool.commonPool-worker-3] WARN  org.apache.avro.Schema - Ignored the com.example.pekko.model.FxRate.timestamp.logicalType property ("timestamp-millis"). It should probably be nested inside the "type" for the field.
20:32:33.514 [ForkJoinPool.commonPool-worker-6] WARN  org.apache.avro.Schema - Ignored the com.example.pekko.model.FxRate.timestamp.logicalType property ("timestamp-millis"). It should probably be nested inside the "type" for the field.
20:32:33.514 [ForkJoinPool.commonPool-worker-4] WARN  org.apache.avro.Schema - Ignored the com.example.pekko.model.FxRate.timestamp.logicalType property ("timestamp-millis"). It should probably be nested inside the "type" for the field.
20:32:33.514 [ForkJoinPool.commonPool-worker-7] WARN  org.apache.avro.Schema - Ignored the com.example.pekko.model.FxRate.timestamp.logicalType property ("timestamp-millis"). It should probably be nested inside the "type" for the field.
20:32:33.514 [ForkJoinPool.commonPool-worker-11] WARN  org.apache.avro.Schema - Ignored the com.example.pekko.model.FxRate.timestamp.logicalType property ("timestamp-millis"). It should probably be nested inside the "type" for the field.
20:32:33.514 [ForkJoinPool.commonPool-worker-10] WARN  org.apache.avro.Schema - Ignored the com.example.pekko.model.FxRate.timestamp.logicalType property ("timestamp-millis"). It should probably be nested inside the "type" for the field.
20:32:33.514 [ForkJoinPool.commonPool-worker-2] WARN  org.apache.avro.Schema - Ignored the com.example.pekko.model.FxRate.timestamp.logicalType property ("timestamp-millis"). It should probably be nested inside the "type" for the field.
20:32:33.514 [ForkJoinPool.commonPool-worker-8] WARN  org.apache.avro.Schema - Ignored the com.example.pekko.model.FxRate.timestamp.logicalType property ("timestamp-millis"). It should probably be nested inside the "type" for the field.
20:32:33.514 [ForkJoinPool.commonPool-worker-1] WARN  org.apache.avro.Schema - Ignored the com.example.pekko.model.FxRate.timestamp.logicalType property ("timestamp-millis"). It should probably be nested inside the "type" for the field.
20:32:33.514 [ForkJoinPool.commonPool-worker-9] WARN  org.apache.avro.Schema - Ignored the com.example.pekko.model.FxRate.timestamp.logicalType property ("timestamp-millis"). It should probably be nested inside the "type" for the field.
20:32:33.741 [ForkJoinPool.commonPool-worker-10] INFO  c.example.pekko.FxRateAvroProducer - Successfully sent all 1000 FxRate records
20:32:33.742 [main] INFO  c.e.pekko.FxRateKafkaProducerTest - Successfully sent 1000 FxRates in 376 ms (throughput: {:.2f} msgs/sec)
20:32:33.743 [main] INFO  c.e.pekko.FxRateKafkaProducerTest - Tearing down FxRateKafkaProducerTest
20:32:33.747 [main] INFO  c.example.pekko.FxRateAvroProducer - FxRateAvroProducer closed successfully
]]></system-out>
  </testcase>
  <testcase name="testSend100FxRates" classname="com.example.pekko.FxRateKafkaProducerTest" time="0.041">
    <system-out><![CDATA[20:32:33.751 [main] INFO  c.e.pekko.FxRateKafkaProducerTest - Setting up FxRateKafkaProducerTest
20:32:33.755 [main] INFO  c.e.pekko.FxRateKafkaProducerTest - Testing bulk send of 100 FxRates
20:32:33.756 [main] INFO  c.example.pekko.FxRateAvroProducer - Sending 100 FxRate records to topic fx-rates
20:32:33.764 [ForkJoinPool.commonPool-worker-9] WARN  org.apache.avro.Schema - Ignored the com.example.pekko.model.FxRate.timestamp.logicalType property ("timestamp-millis"). It should probably be nested inside the "type" for the field.
20:32:33.765 [ForkJoinPool.commonPool-worker-6] WARN  org.apache.avro.Schema - Ignored the com.example.pekko.model.FxRate.timestamp.logicalType property ("timestamp-millis"). It should probably be nested inside the "type" for the field.
20:32:33.765 [ForkJoinPool.commonPool-worker-10] WARN  org.apache.avro.Schema - Ignored the com.example.pekko.model.FxRate.timestamp.logicalType property ("timestamp-millis"). It should probably be nested inside the "type" for the field.
20:32:33.765 [ForkJoinPool.commonPool-worker-8] WARN  org.apache.avro.Schema - Ignored the com.example.pekko.model.FxRate.timestamp.logicalType property ("timestamp-millis"). It should probably be nested inside the "type" for the field.
20:32:33.768 [ForkJoinPool.commonPool-worker-4] WARN  org.apache.avro.Schema - Ignored the com.example.pekko.model.FxRate.timestamp.logicalType property ("timestamp-millis"). It should probably be nested inside the "type" for the field.
20:32:33.768 [ForkJoinPool.commonPool-worker-1] WARN  org.apache.avro.Schema - Ignored the com.example.pekko.model.FxRate.timestamp.logicalType property ("timestamp-millis"). It should probably be nested inside the "type" for the field.
20:32:33.768 [ForkJoinPool.commonPool-worker-11] WARN  org.apache.avro.Schema - Ignored the com.example.pekko.model.FxRate.timestamp.logicalType property ("timestamp-millis"). It should probably be nested inside the "type" for the field.
20:32:33.768 [ForkJoinPool.commonPool-worker-2] WARN  org.apache.avro.Schema - Ignored the com.example.pekko.model.FxRate.timestamp.logicalType property ("timestamp-millis"). It should probably be nested inside the "type" for the field.
20:32:33.768 [ForkJoinPool.commonPool-worker-5] WARN  org.apache.avro.Schema - Ignored the com.example.pekko.model.FxRate.timestamp.logicalType property ("timestamp-millis"). It should probably be nested inside the "type" for the field.
20:32:33.768 [ForkJoinPool.commonPool-worker-7] WARN  org.apache.avro.Schema - Ignored the com.example.pekko.model.FxRate.timestamp.logicalType property ("timestamp-millis"). It should probably be nested inside the "type" for the field.
20:32:33.768 [ForkJoinPool.commonPool-worker-3] WARN  org.apache.avro.Schema - Ignored the com.example.pekko.model.FxRate.timestamp.logicalType property ("timestamp-millis"). It should probably be nested inside the "type" for the field.
20:32:33.789 [ForkJoinPool.commonPool-worker-2] INFO  c.example.pekko.FxRateAvroProducer - Successfully sent all 100 FxRate records
20:32:33.789 [main] INFO  c.e.pekko.FxRateKafkaProducerTest - Successfully sent 100 FxRates in 33 ms
20:32:33.789 [main] INFO  c.e.pekko.FxRateKafkaProducerTest - Tearing down FxRateKafkaProducerTest
20:32:33.791 [main] INFO  c.example.pekko.FxRateAvroProducer - FxRateAvroProducer closed successfully
]]></system-out>
  </testcase>
  <testcase name="testSendSingleFxRate" classname="com.example.pekko.FxRateKafkaProducerTest" time="0.016">
    <system-out><![CDATA[20:32:33.792 [main] INFO  c.e.pekko.FxRateKafkaProducerTest - Setting up FxRateKafkaProducerTest
20:32:33.796 [main] INFO  c.e.pekko.FxRateKafkaProducerTest - Testing single FxRate send
20:32:33.800 [ForkJoinPool.commonPool-worker-2] WARN  org.apache.avro.Schema - Ignored the com.example.pekko.model.FxRate.timestamp.logicalType property ("timestamp-millis"). It should probably be nested inside the "type" for the field.
20:32:33.806 [main] INFO  c.e.pekko.FxRateKafkaProducerTest - Successfully sent single FxRate to partition 0 offset 6857
20:32:33.806 [main] INFO  c.e.pekko.FxRateKafkaProducerTest - Tearing down FxRateKafkaProducerTest
20:32:33.808 [main] INFO  c.example.pekko.FxRateAvroProducer - FxRateAvroProducer closed successfully
]]></system-out>
  </testcase>
  <testcase name="testFxRateValidation" classname="com.example.pekko.FxRateKafkaProducerTest" time="0.011">
    <system-out><![CDATA[20:32:33.809 [main] INFO  c.e.pekko.FxRateKafkaProducerTest - Setting up FxRateKafkaProducerTest
20:32:33.812 [main] INFO  c.e.pekko.FxRateKafkaProducerTest - Testing FxRate data validation
20:32:33.812 [main] INFO  c.e.pekko.FxRateKafkaProducerTest - Successfully validated 50 FxRates
20:32:33.812 [main] INFO  c.e.pekko.FxRateKafkaProducerTest - Tearing down FxRateKafkaProducerTest
20:32:33.819 [main] INFO  c.example.pekko.FxRateAvroProducer - FxRateAvroProducer closed successfully
]]></system-out>
  </testcase>
  <testcase name="testSendVariousCurrencyPairs" classname="com.example.pekko.FxRateKafkaProducerTest" time="0.019">
    <system-out><![CDATA[20:32:33.819 [main] INFO  c.e.pekko.FxRateKafkaProducerTest - Setting up FxRateKafkaProducerTest
20:32:33.822 [main] INFO  c.e.pekko.FxRateKafkaProducerTest - Testing various currency pairs
20:32:33.822 [main] INFO  c.example.pekko.FxRateAvroProducer - Sending 10 FxRate records to topic fx-rates
20:32:33.829 [ForkJoinPool.commonPool-worker-5] WARN  org.apache.avro.Schema - Ignored the com.example.pekko.model.FxRate.timestamp.logicalType property ("timestamp-millis"). It should probably be nested inside the "type" for the field.
20:32:33.829 [ForkJoinPool.commonPool-worker-3] WARN  org.apache.avro.Schema - Ignored the com.example.pekko.model.FxRate.timestamp.logicalType property ("timestamp-millis"). It should probably be nested inside the "type" for the field.
20:32:33.829 [ForkJoinPool.commonPool-worker-7] WARN  org.apache.avro.Schema - Ignored the com.example.pekko.model.FxRate.timestamp.logicalType property ("timestamp-millis"). It should probably be nested inside the "type" for the field.
20:32:33.830 [ForkJoinPool.commonPool-worker-1] WARN  org.apache.avro.Schema - Ignored the com.example.pekko.model.FxRate.timestamp.logicalType property ("timestamp-millis"). It should probably be nested inside the "type" for the field.
20:32:33.830 [ForkJoinPool.commonPool-worker-10] WARN  org.apache.avro.Schema - Ignored the com.example.pekko.model.FxRate.timestamp.logicalType property ("timestamp-millis"). It should probably be nested inside the "type" for the field.
20:32:33.829 [ForkJoinPool.commonPool-worker-2] WARN  org.apache.avro.Schema - Ignored the com.example.pekko.model.FxRate.timestamp.logicalType property ("timestamp-millis"). It should probably be nested inside the "type" for the field.
20:32:33.830 [ForkJoinPool.commonPool-worker-4] WARN  org.apache.avro.Schema - Ignored the com.example.pekko.model.FxRate.timestamp.logicalType property ("timestamp-millis"). It should probably be nested inside the "type" for the field.
20:32:33.829 [ForkJoinPool.commonPool-worker-6] WARN  org.apache.avro.Schema - Ignored the com.example.pekko.model.FxRate.timestamp.logicalType property ("timestamp-millis"). It should probably be nested inside the "type" for the field.
20:32:33.829 [ForkJoinPool.commonPool-worker-11] WARN  org.apache.avro.Schema - Ignored the com.example.pekko.model.FxRate.timestamp.logicalType property ("timestamp-millis"). It should probably be nested inside the "type" for the field.
20:32:33.830 [ForkJoinPool.commonPool-worker-9] WARN  org.apache.avro.Schema - Ignored the com.example.pekko.model.FxRate.timestamp.logicalType property ("timestamp-millis"). It should probably be nested inside the "type" for the field.
20:32:33.836 [ForkJoinPool.commonPool-worker-1] INFO  c.example.pekko.FxRateAvroProducer - Successfully sent all 10 FxRate records
20:32:33.836 [main] INFO  c.e.pekko.FxRateKafkaProducerTest - Successfully sent 10 different currency pairs
20:32:33.836 [main] INFO  c.e.pekko.FxRateKafkaProducerTest - Tearing down FxRateKafkaProducerTest
20:32:33.838 [main] INFO  c.example.pekko.FxRateAvroProducer - FxRateAvroProducer closed successfully
]]></system-out>
  </testcase>
</testsuite>